0 verbose cli [
0 verbose cli   '/usr/local/Cellar/node/16.7.0/bin/node',
0 verbose cli   '/usr/local/lib/node_modules/npm/bin/npm-cli.js',
0 verbose cli   'exec',
0 verbose cli   '--',
0 verbose cli   'gulp'
0 verbose cli ]
1 info using npm@7.20.3
2 info using node@v16.7.0
3 timing npm:load:whichnode Completed in 0ms
4 timing config:load:defaults Completed in 1ms
5 timing config:load:file:/usr/local/lib/node_modules/npm/npmrc Completed in 1ms
6 timing config:load:builtin Completed in 1ms
7 timing config:load:cli Completed in 2ms
8 timing config:load:env Completed in 0ms
9 timing config:load:file:/Users/nakatsubo/develop/javascript/new_base_gulpjs_master_slim-master/.npmrc Completed in 1ms
10 timing config:load:project Completed in 1ms
11 timing config:load:file:/Users/nakatsubo/.npmrc Completed in 0ms
12 timing config:load:user Completed in 0ms
13 timing config:load:file:/usr/local/etc/npmrc Completed in 0ms
14 timing config:load:global Completed in 0ms
15 timing config:load:validate Completed in 0ms
16 timing config:load:credentials Completed in 1ms
17 timing config:load:setEnvs Completed in 0ms
18 timing config:load Completed in 6ms
19 timing npm:load:configload Completed in 6ms
20 timing npm:load:setTitle Completed in 2ms
21 timing npm:load:setupLog Completed in 1ms
22 timing config:load:flatten Completed in 2ms
23 timing npm:load:cleanupLog Completed in 1ms
24 timing npm:load:configScope Completed in 0ms
25 timing npm:load:projectScope Completed in 1ms
26 timing npm:load Completed in 15ms
27 http fetch GET 200 https://registry.npmjs.org/gulp 957ms (cache revalidated)
28 timing arborist:ctor Completed in 0ms
29 timing arborist:ctor Completed in 0ms
30 verbose shrinkwrap failed to load node_modules/.package-lock.json missing from lockfile: node_modules/ansi-colors
31 timing command:exec Completed in 15841ms
32 verbose stack Error: canceled
32 verbose stack     at exec (/usr/local/lib/node_modules/npm/node_modules/libnpmexec/lib/index.js:170:19)
32 verbose stack     at processTicksAndRejections (node:internal/process/task_queues:96:5)
33 verbose cwd /Users/nakatsubo/develop/javascript/new_base_gulpjs_master_slim-master
34 verbose Darwin 20.3.0
35 verbose argv "/usr/local/Cellar/node/16.7.0/bin/node" "/usr/local/lib/node_modules/npm/bin/npm-cli.js" "exec" "--" "gulp"
36 verbose node v16.7.0
37 verbose npm  v7.20.3
38 error canceled
39 verbose exit 1
